<<<<<<< HEAD
Tue 11 Jan 2022 09:52:50 PM CST
DHDTopic沒有要更新的資料到本地端
[topticData_error1] 4列的"聞法(七覺支)"項目不在佛醫主題中 (jsonTopic.py)
[topticData_error1] 27列的"聞法(七覺支)"項目不在佛醫主題中 (jsonTopic.py)
[topticData_error1] 31列的"聞法(十二因緣)"項目不在佛醫主題中 (jsonTopic.py)
[topticData_error1] 37列的"聞法(五蘊無我)"項目不在佛醫主題中 (jsonTopic.py)
[topticData_error1] 41列的"聞法(四不壞信)"項目不在佛醫主題中 (jsonTopic.py)
[topticData_error1] 42列的"聞法(五蘊無我)"項目不在佛醫主題中 (jsonTopic.py)
[topticData_error1] 42列的"聞法(五蘊無我)"項目不在佛醫主題中 (jsonTopic.py)
[topticData_error1] 43列的"聞法(十二因緣)"項目不在佛醫主題中 (jsonTopic.py)
[topticData_error1] 43列的"聞法(十二因緣)"項目不在佛醫主題中 (jsonTopic.py)
[topticData_error1] 44列的"聞法(四不壞信)"項目不在佛醫主題中 (jsonTopic.py)
[topticData_error1] 45列的"聞法(四不壞信)"項目不在佛醫主題中 (jsonTopic.py)
[topticData_error1] 49列的"聞法(五蘊無我)"項目不在佛醫主題中 (jsonTopic.py)
[topticData_error1] 52列的"聞法(七覺支)"項目不在佛醫主題中 (jsonTopic.py)
[topticData_error1] 54列的"聞法(十二因緣)"項目不在佛醫主題中 (jsonTopic.py)
[topticData_error1] 54列的"聞法(十二因緣)"項目不在佛醫主題中 (jsonTopic.py)
[topticData_error1] 104列的"病症：身體各部位疼痛"項目不在佛醫主題中 (jsonTopic.py)
[topticData_error1] 128列的"病因:三因(風)"項目不在佛醫主題中 (jsonTopic.py)
[topticData_error1] 158列的"起居"項目不在佛醫主題中 (jsonTopic.py)
[topticData_error1] 158列的"作息"項目不在佛醫主題中 (jsonTopic.py)
[topticData_error1] 159列的"起居"項目不在佛醫主題中 (jsonTopic.py)
[topticData_error1] 159列的"作息"項目不在佛醫主題中 (jsonTopic.py)
[topticData_error1] 160列的"起居"項目不在佛醫主題中 (jsonTopic.py)
[topticData_error1] 160列的"作息"項目不在佛醫主題中 (jsonTopic.py)
[topticData_error1] 161列的"聞法(七覺支)"項目不在佛醫主題中 (jsonTopic.py)
[topticData_error1] 199列的"治療方法"項目不在佛醫主題中 (jsonTopic.py)
[topticData_error1] 200列的"治療方法"項目不在佛醫主題中 (jsonTopic.py)
[topticData_error1] 201列的"病因:風"項目不在佛醫主題中 (jsonTopic.py)
[topticData_error1] 224列的"病因:風"項目不在佛醫主題中 (jsonTopic.py)
[topticData_error1] 226列的"病因:風"項目不在佛醫主題中 (jsonTopic.py)
[topticData_error1] 226列的"病因:風"項目不在佛醫主題中 (jsonTopic.py)
[topticData_error1] 227列的"病因:風"項目不在佛醫主題中 (jsonTopic.py)
[topticData_error1] 243列的"病因:風"項目不在佛醫主題中 (jsonTopic.py)
[topticData_error1] 248列的"病症"項目不在佛醫主題中 (jsonTopic.py)
[topticData_error1] 278列的"治療方法"項目不在佛醫主題中 (jsonTopic.py)
[topticData_error1] 288列的"病因:風"項目不在佛醫主題中 (jsonTopic.py)
[topticData_error1] 317列的"皮膚科:內科"項目不在佛醫主題中 (jsonTopic.py)
[topticData_error1] 323列的"病因:風"項目不在佛醫主題中 (jsonTopic.py)
[topticData_error1] 325列的"治療方法"項目不在佛醫主題中 (jsonTopic.py)
[topticData_error1] 326列的"治療方法"項目不在佛醫主題中 (jsonTopic.py)
[topticData_error1] 327列的"治療方法"項目不在佛醫主題中 (jsonTopic.py)
[topticData_error1] 330列的"病症"項目不在佛醫主題中 (jsonTopic.py)
[topticData_error1] 330列的"治療方法"項目不在佛醫主題中 (jsonTopic.py)
[topticData_error1] 337列的"病症"項目不在佛醫主題中 (jsonTopic.py)
[topticData_error1] 337列的"治療方法"項目不在佛醫主題中 (jsonTopic.py)
[topticData_error1] 358列的"治療方法"項目不在佛醫主題中 (jsonTopic.py)
[topticData_error1] 361列的"治療方法"項目不在佛醫主題中 (jsonTopic.py)
[topticData_error1] 378列的"病因"項目不在佛醫主題中 (jsonTopic.py)
[topticData_error1] 378列的"病因"項目不在佛醫主題中 (jsonTopic.py)
[topticData_error1] 379列的"皮膚病"項目不在佛醫主題中 (jsonTopic.py)
[topticData_error1] 445列的"贍病"項目不在佛醫主題中 (jsonTopic.py)
[topticData_error1] 445列的"贍病"項目不在佛醫主題中 (jsonTopic.py)
[topticData_error1] 445列的"贍病"項目不在佛醫主題中 (jsonTopic.py)
[topticData_error1] 447列的"老"項目不在佛醫主題中 (jsonTopic.py)
[topticData_error1] 447列的"老"項目不在佛醫主題中 (jsonTopic.py)
[topticData_error1] 447列的"老"項目不在佛醫主題中 (jsonTopic.py)
[topticData_error1] 447列的"老"項目不在佛醫主題中 (jsonTopic.py)
[topticData_error1] 488列的"非典型治療"項目不在佛醫主題中 (jsonTopic.py)
[topticData_error1] 489列的"非典型治療"項目不在佛醫主題中 (jsonTopic.py)
[topticData_error1] 491列的"念安般"項目不在佛醫主題中 (jsonTopic.py)
[topticData_error1] 491列的"念安般"項目不在佛醫主題中 (jsonTopic.py)
[topticData_error1] 491列的"念安般"項目不在佛醫主題中 (jsonTopic.py)
[topticData_error1] 502列的"病症：身體各部位疼痛"項目不在佛醫主題中 (jsonTopic.py)
[topticData_error1] 503列的"膽"項目不在佛醫主題中 (jsonTopic.py)
[topticData_error1] 503列的"津"項目不在佛醫主題中 (jsonTopic.py)
[topticData_error1] 503列的"膽"項目不在佛醫主題中 (jsonTopic.py)
[topticData_error1] 503列的"津"項目不在佛醫主題中 (jsonTopic.py)
[topticData_error1] 503列的"膽"項目不在佛醫主題中 (jsonTopic.py)
[topticData_error1] 503列的"津"項目不在佛醫主題中 (jsonTopic.py)
[topticData_error1] 514列的"禪定治療"項目不在佛醫主題中 (jsonTopic.py)
[topticData_error1] 517列的"臨終"項目不在佛醫主題中 (jsonTopic.py)
[topticData_error1] 518列的"臨終"項目不在佛醫主題中 (jsonTopic.py)
[topticData_error1] 519列的"臨終"項目不在佛醫主題中 (jsonTopic.py)
[topticData_error1] 520列的"臨終"項目不在佛醫主題中 (jsonTopic.py)
[topticData_error1] 520列的"臨終"項目不在佛醫主題中 (jsonTopic.py)
[topticData_error1] 528列的"臨終"項目不在佛醫主題中 (jsonTopic.py)
[topticData_error1] 530列的"臨終"項目不在佛醫主題中 (jsonTopic.py)
[topticData_error1] 530列的"臨終"項目不在佛醫主題中 (jsonTopic.py)
[topticData_error1] 735列的""項目不在佛醫主題中 (jsonTopic.py)
[topticData_error1] 735列的""項目不在佛醫主題中 (jsonTopic.py)
[topticData_error1] 735列的""項目不在佛醫主題中 (jsonTopic.py)
[topticData_error1] 766列的""項目不在佛醫主題中 (jsonTopic.py)
[topticData_error1] 766列的""項目不在佛醫主題中 (jsonTopic.py)
[topticData_error1] 766列的""項目不在佛醫主題中 (jsonTopic.py)
[topticData_error1] 766列的""項目不在佛醫主題中 (jsonTopic.py)
[topticData_error1] 766列的""項目不在佛醫主題中 (jsonTopic.py)
[topticData_error1] 771列的"病因"項目不在佛醫主題中 (jsonTopic.py)
[topticData_error1] 771列的"病因"項目不在佛醫主題中 (jsonTopic.py)
[topticData_error1] 771列的"病因"項目不在佛醫主題中 (jsonTopic.py)
[topticData_error1] 772列的"病因"項目不在佛醫主題中 (jsonTopic.py)
[topticData_error1] 772列的"病因"項目不在佛醫主題中 (jsonTopic.py)
[topticData_error1] 781列的""項目不在佛醫主題中 (jsonTopic.py)
[topticData_error1] 781列的""項目不在佛醫主題中 (jsonTopic.py)
[topticData_error1] 781列的""項目不在佛醫主題中 (jsonTopic.py)
[topticData_error1] 784列的""項目不在佛醫主題中 (jsonTopic.py)
[topticData_error1] 784列的""項目不在佛醫主題中 (jsonTopic.py)
[topticData_error1] 784列的""項目不在佛醫主題中 (jsonTopic.py)
[topticData_error1] 788列的"病症:身體部位疼痛描述"項目不在佛醫主題中 (jsonTopic.py)
[topticData_error1] 788列的"病症:身體部位疼痛描述"項目不在佛醫主題中 (jsonTopic.py)
[topticData_error1] 788列的"病症:身體部位疼痛描述"項目不在佛醫主題中 (jsonTopic.py)
[topticData_error1] 895列的"病症:眼科"項目不在佛醫主題中 (jsonTopic.py)
[topticData_error1] 895列的"病症:眼科"項目不在佛醫主題中 (jsonTopic.py)
[topticData_error1] 895列的"病症:眼科"項目不在佛醫主題中 (jsonTopic.py)
[topticData_error1] 918列的"念安般"項目不在佛醫主題中 (jsonTopic.py)
[topticData_error1] 922列的"念安般"項目不在佛醫主題中 (jsonTopic.py)
[topticData_error1] 922列的"念安般"項目不在佛醫主題中 (jsonTopic.py)
[topticData_error1] 922列的"念安般"項目不在佛醫主題中 (jsonTopic.py)
[topticData_error1] 922列的"念安般"項目不在佛醫主題中 (jsonTopic.py)
[topticData_error1] 922列的"念安般"項目不在佛醫主題中 (jsonTopic.py)
[topticData_error1] 922列的"念安般"項目不在佛醫主題中 (jsonTopic.py)
[topticData_error1] 922列的"念安般"項目不在佛醫主題中 (jsonTopic.py)
DHDTopic git push成功，資料已經更新到Github上
=======
Tue 11 Jan 2022 09:52:06 PM CST
DHDTopic沒有要更新的資料到本地端
>>>>>>> de308cc2e13951a201bd33abd7e47af7781aa576
